<?xml version="1.0" encoding="UTF-8"?>
<testng-results skipped="0" failed="0" ignored="0" total="1" passed="1">
  <reporter-output>
  </reporter-output>
  <suite name="Default suite" duration-ms="8044" started-at="2020-03-04T10:50:59 IST" finished-at="2020-03-04T10:51:07 IST">
    <groups>
    </groups>
    <test name="Default test" duration-ms="8044" started-at="2020-03-04T10:50:59 IST" finished-at="2020-03-04T10:51:07 IST">
      <class name="com.testing.testcases.TestCase1">
        <test-method status="PASS" signature="initiateDriverInstance()[pri:0, instance:com.testing.testcases.TestCase1@26aa12dd]" name="initiateDriverInstance" is-config="true" duration-ms="2603" started-at="2020-03-04T10:50:59 IST" finished-at="2020-03-04T10:51:02 IST">
          <reporter-output>
          </reporter-output>
        </test-method> <!-- initiateDriverInstance -->
        <test-method status="PASS" signature="searchInstawork()[pri:0, instance:com.testing.testcases.TestCase1@26aa12dd]" name="searchInstawork" duration-ms="5302" started-at="2020-03-04T10:51:02 IST" finished-at="2020-03-04T10:51:07 IST">
          <reporter-output>
          </reporter-output>
        </test-method> <!-- searchInstawork -->
        <test-method status="PASS" signature="closeDriverInstance()[pri:0, instance:com.testing.testcases.TestCase1@26aa12dd]" name="closeDriverInstance" is-config="true" duration-ms="79" started-at="2020-03-04T10:51:07 IST" finished-at="2020-03-04T10:51:07 IST">
          <reporter-output>
          </reporter-output>
        </test-method> <!-- closeDriverInstance -->
      </class> <!-- com.testing.testcases.TestCase1 -->
    </test> <!-- Default test -->
  </suite> <!-- Default suite -->
</testng-results>
